[2020-05-28T20:34:13.716] [DEBUG] cheese - login => username:admin,password:123456
[2020-05-28T20:34:13.719] [DEBUG] cheese - admin
[2020-05-28T20:34:13.738] [DEBUG] cheese - null
[2020-05-28T20:34:13.739] [DEBUG] cheese - null
[2020-05-30T23:05:51.571] [DEBUG] cheese - login => username:射手是,password:ssssss
[2020-05-30T23:05:51.574] [DEBUG] cheese - 射手是
[2020-05-30T23:05:51.621] [DEBUG] cheese - null
[2020-05-30T23:05:51.622] [DEBUG] cheese - null
[2020-05-30T23:06:02.771] [DEBUG] cheese - login => username:射手是,password:ssssss
[2020-05-30T23:06:02.771] [DEBUG] cheese - 射手是
[2020-05-30T23:06:02.775] [DEBUG] cheese - null
[2020-05-30T23:06:02.775] [DEBUG] cheese - null
[2020-05-30T23:08:04.870] [DEBUG] cheese - login => username:收拾收拾,password:ssssssss
[2020-05-30T23:08:04.871] [DEBUG] cheese - 收拾收拾
[2020-05-30T23:08:04.876] [DEBUG] cheese - null
[2020-05-30T23:08:04.876] [DEBUG] cheese - null
[2020-05-30T23:08:19.931] [DEBUG] cheese - login => username:洒洒水,password:ssssssss
[2020-05-30T23:08:19.932] [DEBUG] cheese - 洒洒水
[2020-05-30T23:08:19.936] [DEBUG] cheese - null
[2020-05-30T23:08:19.936] [DEBUG] cheese - null
[2020-05-30T23:19:06.954] [DEBUG] cheese - login => username:收拾收拾,password:ssssss
[2020-05-30T23:19:06.955] [DEBUG] cheese - 收拾收拾
[2020-05-30T23:19:06.958] [DEBUG] cheese - null
[2020-05-30T23:19:06.959] [DEBUG] cheese - null
[2020-05-30T23:19:35.994] [DEBUG] cheese - login => username:admin,password:123456
[2020-05-30T23:19:35.994] [DEBUG] cheese - admin
[2020-05-30T23:19:36.013] [DEBUG] cheese - null
[2020-05-30T23:19:36.013] [DEBUG] cheese - null
[2020-05-30T23:26:14.299] [DEBUG] cheese - login => username:admin,password:123456
[2020-05-30T23:26:14.299] [DEBUG] cheese - admin
[2020-05-30T23:26:14.315] [DEBUG] cheese - null
[2020-05-30T23:26:14.315] [DEBUG] cheese - null
[2020-05-30T23:43:11.572] [DEBUG] cheese - login => username:admin,password:123456
[2020-05-30T23:43:11.572] [DEBUG] cheese - admin
[2020-05-30T23:43:11.576] [DEBUG] cheese - null
[2020-05-30T23:43:11.577] [DEBUG] cheese - null
[2020-05-31T00:07:04.107] [DEBUG] cheese - login => username:admin,password:123456
[2020-05-31T00:07:04.108] [DEBUG] cheese - admin
[2020-05-31T00:07:04.116] [DEBUG] cheese - null
[2020-05-31T00:07:04.116] [DEBUG] cheese - null
[2020-05-31T00:16:34.549] [DEBUG] cheese - login => username:admin,password:123456
[2020-05-31T00:16:34.549] [DEBUG] cheese - admin
[2020-05-31T00:16:34.560] [DEBUG] cheese - null
[2020-05-31T00:16:34.561] [DEBUG] cheese - null
[2020-05-31T09:48:32.497] [DEBUG] cheese - login => username:admin,password:123456
[2020-05-31T09:48:32.497] [DEBUG] cheese - admin
[2020-05-31T09:48:32.514] [DEBUG] cheese - null
[2020-05-31T09:48:32.514] [DEBUG] cheese - null
[2020-05-31T10:06:19.542] [DEBUG] cheese - login => username:admin,password:123456
[2020-05-31T10:06:19.542] [DEBUG] cheese - admin
[2020-05-31T10:06:19.554] [DEBUG] cheese - null
[2020-05-31T10:06:19.555] [DEBUG] cheese - null
[2020-05-31T10:18:04.042] [DEBUG] cheese - login => username:admin,password:123456
[2020-05-31T10:18:04.042] [DEBUG] cheese - admin
[2020-05-31T10:18:04.056] [DEBUG] cheese - null
[2020-05-31T10:18:04.056] [DEBUG] cheese - null
[2020-05-31T10:47:52.142] [DEBUG] cheese - login => username:admin,password:123456
[2020-05-31T10:47:52.142] [DEBUG] cheese - admin
[2020-05-31T10:47:52.148] [DEBUG] cheese - null
[2020-05-31T10:47:52.149] [DEBUG] cheese - null
[2020-05-31T11:50:40.218] [DEBUG] cheese - login => username:admin,password:123456
[2020-05-31T11:50:40.219] [DEBUG] cheese - admin
[2020-05-31T11:50:40.229] [DEBUG] cheese - null
[2020-05-31T11:50:40.229] [DEBUG] cheese - null
[2020-05-31T15:04:05.925] [DEBUG] cheese - login => username:admin,password:123456
[2020-05-31T15:04:05.925] [DEBUG] cheese - admin
[2020-05-31T15:04:05.931] [DEBUG] cheese - null
[2020-05-31T15:04:05.931] [DEBUG] cheese - null
[2020-05-31T16:16:25.794] [DEBUG] cheese - login => username:admin,password:123456
[2020-05-31T16:16:25.794] [DEBUG] cheese - admin
[2020-05-31T16:16:25.799] [DEBUG] cheese - null
[2020-05-31T16:16:25.800] [DEBUG] cheese - null
[2020-05-31T21:11:51.915] [DEBUG] cheese - login => username:admin,password:123456
[2020-05-31T21:11:51.915] [DEBUG] cheese - admin
[2020-05-31T21:11:51.919] [DEBUG] cheese - null
[2020-05-31T21:11:51.919] [DEBUG] cheese - null
[2020-05-31T21:24:38.760] [DEBUG] cheese - login => username:admin,password:123456
[2020-05-31T21:24:38.760] [DEBUG] cheese - admin
[2020-05-31T21:24:38.764] [DEBUG] cheese - null
[2020-05-31T21:24:38.764] [DEBUG] cheese - null
[2020-06-01T19:29:27.264] [DEBUG] cheese - login => username:admin,password:123456
[2020-06-01T19:29:27.267] [DEBUG] cheese - admin
[2020-06-01T19:29:27.295] [DEBUG] cheese - null
[2020-06-01T19:29:27.296] [DEBUG] cheese - null
[2020-06-01T19:29:32.055] [DEBUG] cheese - login => username:admin,password:123456
[2020-06-01T19:29:32.056] [DEBUG] cheese - admin
[2020-06-01T19:29:32.061] [DEBUG] cheese - null
[2020-06-01T19:29:32.062] [DEBUG] cheese - null
[2020-06-02T20:20:13.779] [DEBUG] cheese - login => username:admin,password:123456
[2020-06-02T20:20:13.781] [DEBUG] cheese - admin
[2020-06-02T20:20:13.807] [DEBUG] cheese - null
[2020-06-02T20:20:13.808] [DEBUG] cheese - null
[2020-06-02T20:34:18.766] [DEBUG] cheese - login => username:admin,password:123456
[2020-06-02T20:34:18.770] [DEBUG] cheese - admin
[2020-06-02T20:34:18.789] [DEBUG] cheese - null
[2020-06-02T20:34:18.790] [DEBUG] cheese - null
[2020-06-03T10:02:43.664] [DEBUG] cheese - login => username:admin,password:123456
[2020-06-03T10:02:43.667] [DEBUG] cheese - admin
[2020-06-03T10:02:43.706] [DEBUG] cheese - null
[2020-06-03T10:02:43.706] [DEBUG] cheese - null
[2020-06-03T14:26:37.926] [DEBUG] cheese - login => username:admin,password:123456
[2020-06-03T14:26:37.926] [DEBUG] cheese - admin
[2020-06-03T14:26:37.932] [DEBUG] cheese - null
[2020-06-03T14:26:37.932] [DEBUG] cheese - null
[2020-06-03T19:42:27.223] [DEBUG] cheese - login => username:admin,password:123456
[2020-06-03T19:42:27.223] [DEBUG] cheese - admin
[2020-06-03T19:42:27.244] [DEBUG] cheese - null
[2020-06-03T19:42:27.245] [DEBUG] cheese - null
[2020-06-03T22:32:36.422] [DEBUG] cheese - login => username:admin,password:123456
[2020-06-03T22:32:36.422] [DEBUG] cheese - admin
[2020-06-03T22:32:36.425] [DEBUG] cheese - null
[2020-06-03T22:32:36.425] [DEBUG] cheese - null
[2020-06-04T09:48:09.972] [DEBUG] cheese - login => username:admin,password:123456
[2020-06-04T09:48:09.973] [DEBUG] cheese - admin
[2020-06-04T09:48:09.983] [DEBUG] cheese - null
[2020-06-04T09:48:09.983] [DEBUG] cheese - null
[2020-06-04T09:48:21.294] [DEBUG] cheese - null
[2020-06-04T09:48:25.090] [DEBUG] cheese - null
[2020-06-04T09:48:27.065] [DEBUG] cheese - null
[2020-06-04T09:48:28.754] [DEBUG] cheese - null
[2020-06-04T09:49:39.852] [DEBUG] cheese - null
[2020-06-04T09:49:56.424] [DEBUG] cheese - null
[2020-06-04T09:59:09.751] [DEBUG] cheese - null
[2020-06-04T10:05:07.950] [DEBUG] cheese - null
[2020-06-04T10:05:30.471] [DEBUG] cheese - null
[2020-06-04T10:05:43.091] [DEBUG] cheese - null
[2020-06-04T10:05:52.292] [DEBUG] cheese - null
[2020-06-04T10:06:47.628] [DEBUG] cheese - null
[2020-06-04T10:07:14.360] [DEBUG] cheese - null
[2020-06-04T10:14:29.532] [DEBUG] cheese - null
[2020-06-04T10:21:21.377] [DEBUG] cheese - null
[2020-06-04T10:35:23.143] [DEBUG] cheese - null
[2020-06-04T10:36:03.830] [DEBUG] cheese - null
[2020-06-04T10:36:07.900] [DEBUG] cheese - null
[2020-06-04T14:40:39.908] [DEBUG] cheese - login => username:admin,password:123456
[2020-06-04T14:40:39.908] [DEBUG] cheese - admin
[2020-06-04T14:40:39.912] [DEBUG] cheese - null
[2020-06-04T14:40:39.913] [DEBUG] cheese - null
[2020-06-04T14:53:17.919] [DEBUG] cheese - null
[2020-06-04T14:53:20.479] [DEBUG] cheese - null
[2020-06-04T14:53:28.537] [DEBUG] cheese - null
[2020-06-04T14:58:41.384] [DEBUG] cheese - null
[2020-06-04T15:00:29.626] [DEBUG] cheese - null
[2020-06-04T20:03:14.532] [DEBUG] cheese - login => username:admin,password:123456
[2020-06-04T20:03:14.535] [DEBUG] cheese - admin
[2020-06-04T20:03:14.560] [DEBUG] cheese - null
[2020-06-04T20:03:14.561] [DEBUG] cheese - null
[2020-06-05T10:18:04.912] [DEBUG] cheese - login => username:admin,password:123456
[2020-06-05T10:18:04.915] [DEBUG] cheese - admin
[2020-06-05T10:18:04.928] [DEBUG] cheese - null
[2020-06-05T10:18:04.929] [DEBUG] cheese - null
[2020-06-05T14:22:48.110] [DEBUG] cheese - login => username:admin,password:123456
[2020-06-05T14:22:48.113] [DEBUG] cheese - admin
[2020-06-05T14:22:48.122] [DEBUG] cheese - null
[2020-06-05T14:22:48.123] [DEBUG] cheese - null
[2020-06-06T15:12:29.355] [DEBUG] cheese - login => username:admin,password:123456
[2020-06-06T15:12:29.355] [DEBUG] cheese - admin
[2020-06-06T15:12:29.372] [DEBUG] cheese - null
[2020-06-06T15:12:29.373] [DEBUG] cheese - null
[2020-06-06T20:56:35.324] [DEBUG] cheese - login => username:admin,password:123456
[2020-06-06T20:56:35.327] [DEBUG] cheese - admin
[2020-06-06T20:56:35.334] [DEBUG] cheese - null
[2020-06-06T20:56:35.335] [DEBUG] cheese - null
[2020-06-06T22:21:28.565] [DEBUG] cheese - login => username:admin,password:123456
[2020-06-06T22:21:28.569] [DEBUG] cheese - admin
[2020-06-06T22:21:28.576] [DEBUG] cheese - null
[2020-06-06T22:21:28.577] [DEBUG] cheese - null
[2020-06-07T14:05:16.315] [DEBUG] cheese - login => username:admin,password:123456
[2020-06-07T14:06:05.335] [DEBUG] cheese - login => username:admin,password:123456
[2020-06-07T14:06:05.339] [DEBUG] cheese - admin
[2020-06-07T14:06:05.363] [DEBUG] cheese - null
[2020-06-07T14:06:05.364] [DEBUG] cheese - null
[2020-06-08T09:32:45.563] [DEBUG] cheese - login => username:admin,password:123456
[2020-06-08T09:32:45.565] [DEBUG] cheese - admin
[2020-06-08T09:32:45.573] [DEBUG] cheese - null
[2020-06-08T09:32:45.574] [DEBUG] cheese - null
[2020-06-08T10:43:20.736] [DEBUG] cheese - login => username:admin,password:123456
[2020-06-08T10:43:20.738] [DEBUG] cheese - admin
[2020-06-08T10:43:20.756] [DEBUG] cheese - null
[2020-06-08T10:43:20.757] [DEBUG] cheese - null
[2020-06-08T11:36:27.754] [DEBUG] cheese - login => username:admin,password:123456
[2020-06-08T11:36:27.757] [DEBUG] cheese - admin
[2020-06-08T11:36:27.764] [DEBUG] cheese - null
[2020-06-08T11:36:27.765] [DEBUG] cheese - null
[2020-06-08T14:21:10.674] [DEBUG] cheese - login => username:admin,password:123456
[2020-06-08T14:21:10.677] [DEBUG] cheese - admin
[2020-06-08T14:21:10.684] [DEBUG] cheese - null
[2020-06-08T14:21:10.685] [DEBUG] cheese - null
[2020-06-08T14:32:13.223] [DEBUG] cheese - login => username:admin,password:123456
[2020-06-08T14:32:13.227] [DEBUG] cheese - admin
[2020-06-08T14:32:13.234] [DEBUG] cheese - null
[2020-06-08T14:32:13.235] [DEBUG] cheese - null
[2020-06-08T15:08:46.646] [DEBUG] cheese - login => username:admin,password:123456
[2020-06-08T15:08:46.648] [DEBUG] cheese - admin
[2020-06-08T15:08:46.653] [DEBUG] cheese - null
[2020-06-08T15:08:46.654] [DEBUG] cheese - null
[2020-06-08T19:22:32.409] [DEBUG] cheese - login => username:admin,password:123456
[2020-06-08T19:22:32.411] [DEBUG] cheese - admin
[2020-06-08T19:22:32.418] [DEBUG] cheese - null
[2020-06-08T19:22:32.418] [DEBUG] cheese - null
[2020-06-08T21:19:55.366] [DEBUG] cheese - null
[2020-06-08T21:36:04.906] [DEBUG] cheese - login => username:admin,password:123456
[2020-06-08T21:36:04.910] [DEBUG] cheese - admin
[2020-06-08T21:36:04.918] [DEBUG] cheese - null
[2020-06-08T21:36:04.919] [DEBUG] cheese - null
[2020-06-08T23:31:13.684] [DEBUG] cheese - login => username:admin,password:123456
[2020-06-08T23:31:13.688] [DEBUG] cheese - admin
[2020-06-08T23:31:13.694] [DEBUG] cheese - null
[2020-06-08T23:31:13.695] [DEBUG] cheese - null
[2020-06-09T10:46:53.556] [DEBUG] cheese - login => username:admin,password:123456
[2020-06-09T10:46:53.556] [DEBUG] cheese - admin
[2020-06-09T10:46:53.561] [DEBUG] cheese - null
[2020-06-09T10:46:53.561] [DEBUG] cheese - null
[2020-06-09T15:01:47.375] [DEBUG] cheese - login => username:admin,password:123456
[2020-06-09T15:01:47.375] [DEBUG] cheese - admin
[2020-06-09T15:01:47.400] [DEBUG] cheese - null
[2020-06-09T15:01:47.400] [DEBUG] cheese - null
[2020-06-09T22:15:53.586] [DEBUG] cheese - login => username:admin,password:123456
[2020-06-09T22:15:53.598] [DEBUG] cheese - admin
[2020-06-09T22:15:53.660] [DEBUG] cheese - null
[2020-06-09T22:15:53.663] [DEBUG] cheese - null
